<?xml version="1.0" encoding="UTF-8"?>
<!-- Generated by org.testng.reporters.JUnitReportReporter -->
<testsuite skipped="0" hostname="LAPTOP-32VKAIFG" name="testScenarios.Sample" tests="1" failures="0" timestamp="28 Aug 2022 09:03:17 GMT" time="109.450" errors="0">
  <testcase name="xmlDownload" time="109.450" classname="testScenarios.Sample"/>
</testsuite> <!-- testScenarios.Sample -->
