<?xml version="1.0" encoding="UTF-8"?>
<!-- Generated by org.testng.reporters.JUnitReportReporter -->
<testsuite skipped="0" hostname="LAPTOP-32VKAIFG" name="testScenarios.Sample" tests="1" failures="0" timestamp="28 Aug 2022 05:47:00 GMT" time="84.342" errors="0">
  <testcase name="xmlDownload" time="84.342" classname="testScenarios.Sample"/>
</testsuite> <!-- testScenarios.Sample -->
