<?xml version="1.0" encoding="UTF-8"?>
<!-- Generated by org.testng.reporters.JUnitReportReporter -->
<testsuite skipped="0" hostname="LAPTOP-32VKAIFG" name="testScenarios.Sample" tests="1" failures="0" timestamp="27 Aug 2022 09:17:20 GMT" time="36.229" errors="0">
  <testcase name="xmlDownload" time="36.229" classname="testScenarios.Sample"/>
</testsuite> <!-- testScenarios.Sample -->
