<?xml version="1.0" encoding="UTF-8"?>
<!-- Generated by org.testng.reporters.JUnitReportReporter -->
<testsuite skipped="0" hostname="LAPTOP-32VKAIFG" name="testScenarios.Sample" tests="1" failures="0" timestamp="25 Aug 2022 21:00:24 GMT" time="43.285" errors="0">
  <testcase name="xmlDownload" time="43.285" classname="testScenarios.Sample"/>
</testsuite> <!-- testScenarios.Sample -->
